Libraryverse/app/build/intermediates/manifest_merge_blame_file/debug/manifest-merger-blame-debug-report.txt
1<?xml version="1.0" encoding="utf-8"?>
2<manifest xmlns:android="http://schemas.android.com/apk/res/android"
3    package="com.example.libraryverse"
4    android:versionCode="1"
5    android:versionName="1.0" >
6
7    <uses-sdk
8        android:minSdkVersion="21"
8-->src\main\AndroidManifest.xml
9        android:targetSdkVersion="31" />
9-->src\main\AndroidManifest.xml
10
11    <queries>
11-->[androidx.media:media:1.4.1] AndroidManifest.xml:24:5-28:15
12        <intent>
12-->[androidx.media:media:1.4.1] AndroidManifest.xml:25:9-27:18
13            <action android:name="android.media.browse.MediaBrowserService" />
13-->[androidx.media:media:1.4.1] AndroidManifest.xml:26:13-79
13-->[androidx.media:media:1.4.1] AndroidManifest.xml:26:21-76
14        </intent>
15    </queries>
16
17    <application
17-->src\main\AndroidManifest.xml:5:5-27:19
18        android:allowBackup="true"
18-->src\main\AndroidManifest.xml:6:9-35
19        android:appComponentFactory="androidx.core.app.CoreComponentFactory"
19-->[androidx.core:core:1.6.0] AndroidManifest.xml:24:18-86
20        android:debuggable="true"
21        android:icon="@mipmap/ic_launcher"
21-->src\main\AndroidManifest.xml:7:9-43
22        android:label="@string/app_name"
22-->src\main\AndroidManifest.xml:8:9-41
23        android:roundIcon="@mipmap/ic_launcher_round"
23-->src\main\AndroidManifest.xml:9:9-54
24        android:supportsRtl="true"
24-->src\main\AndroidManifest.xml:10:9-35
25        android:testOnly="true"
26        android:theme="@style/Theme.Libraryverse" >
26-->src\main\AndroidManifest.xml:11:9-50
27        <activity
27-->src\main\AndroidManifest.xml:12:9-20:20
28            android:name="com.example.libraryverse.HomeActivity"
28-->src\main\AndroidManifest.xml:13:13-41
29            android:exported="true" >
29-->src\main\AndroidManifest.xml:14:13-36
30            <intent-filter>
30-->src\main\AndroidManifest.xml:15:13-19:29
31                <action android:name="android.intent.action.MAIN" />
31-->src\main\AndroidManifest.xml:16:17-69
31-->src\main\AndroidManifest.xml:16:25-66
32
33                <category android:name="android.intent.category.LAUNCHER" />
33-->src\main\AndroidManifest.xml:18:17-77
33-->src\main\AndroidManifest.xml:18:27-74
34            </intent-filter>
35        </activity>
36        <activity
36-->src\main\AndroidManifest.xml:21:9-23:39
37            android:name="com.example.libraryverse.CreateAccountActivity"
37-->src\main\AndroidManifest.xml:22:13-50
38            android:exported="true" />
38-->src\main\AndroidManifest.xml:23:13-36
39        <activity
39-->src\main\AndroidManifest.xml:24:9-26:39
40            android:name="com.example.libraryverse.LoginActivity"
40-->src\main\AndroidManifest.xml:25:13-42
41            android:exported="true" />
41-->src\main\AndroidManifest.xml:26:13-36
42    </application>
43
44</manifest>